2022-04-25 15:46:19 [scrapy.utils.log] INFO: Scrapy 2.5.1 started (bot: factorSpider)
2022-04-25 15:46:19 [scrapy.utils.log] INFO: Versions: lxml 4.7.1.0, libxml2 2.9.12, cssselect 1.1.0, parsel 1.6.0, w3lib 1.22.0, Twisted 21.7.0, Python 3.8.6 (tags/v3.8.6:db45529, Sep 23 2020, 15:52:53) [MSC v.1927 64 bit (AMD64)], pyOpenSSL 21.0.0 (OpenSSL 1.1.1m  14 Dec 2021), cryptography 36.0.1, Platform Windows-10-10.0.22000-SP0
2022-04-25 15:46:19 [scrapy.utils.log] DEBUG: Using reactor: twisted.internet.selectreactor.SelectReactor
2022-04-25 15:46:19 [scrapy.crawler] INFO: Overridden settings:
{'BOT_NAME': 'factorSpider',
 'LOG_FILE': 'projectLog.log',
 'NEWSPIDER_MODULE': 'factorSpider.spiders',
 'SPIDER_MODULES': ['factorSpider.spiders'],
 'USER_AGENT': 'Mozilla/5.0 (Windows NT 10.0; Win64; x64) AppleWebKit/537.36 '
               '(KHTML, like Gecko) Chrome/99.0.4844.74 Safari/537.36 '
               'Edg/99.0.1150.46'}
2022-04-25 15:46:19 [scrapy.extensions.telnet] INFO: Telnet Password: 6f4db06908e20d8f
2022-04-25 15:46:19 [scrapy.middleware] INFO: Enabled extensions:
['scrapy.extensions.corestats.CoreStats',
 'scrapy.extensions.telnet.TelnetConsole',
 'scrapy.extensions.logstats.LogStats']
2022-04-25 15:46:20 [scrapy.middleware] INFO: Enabled downloader middlewares:
['scrapy.downloadermiddlewares.httpauth.HttpAuthMiddleware',
 'scrapy.downloadermiddlewares.downloadtimeout.DownloadTimeoutMiddleware',
 'scrapy.downloadermiddlewares.defaultheaders.DefaultHeadersMiddleware',
 'scrapy.downloadermiddlewares.useragent.UserAgentMiddleware',
 'factorSpider.middlewares.SeleniumMiddleware',
 'scrapy.downloadermiddlewares.retry.RetryMiddleware',
 'scrapy.downloadermiddlewares.redirect.MetaRefreshMiddleware',
 'scrapy.downloadermiddlewares.httpcompression.HttpCompressionMiddleware',
 'scrapy.downloadermiddlewares.redirect.RedirectMiddleware',
 'scrapy.downloadermiddlewares.cookies.CookiesMiddleware',
 'scrapy.downloadermiddlewares.httpproxy.HttpProxyMiddleware',
 'scrapy.downloadermiddlewares.stats.DownloaderStats']
2022-04-25 15:46:20 [scrapy.middleware] INFO: Enabled spider middlewares:
['scrapy.spidermiddlewares.httperror.HttpErrorMiddleware',
 'scrapy.spidermiddlewares.offsite.OffsiteMiddleware',
 'scrapy.spidermiddlewares.referer.RefererMiddleware',
 'scrapy.spidermiddlewares.urllength.UrlLengthMiddleware',
 'scrapy.spidermiddlewares.depth.DepthMiddleware']
2022-04-25 15:46:20 [scrapy.middleware] INFO: Enabled item pipelines:
['factorSpider.pipelines.FtxPipeline',
 'factorSpider.pipelines.GjsjPipeline',
 'factorSpider.pipelines.DetailPipeline']
2022-04-25 15:46:20 [scrapy.core.engine] INFO: Spider opened
2022-04-25 15:46:20 [scrapy.extensions.logstats] INFO: Crawled 0 pages (at 0 pages/min), scraped 0 items (at 0 items/min)
2022-04-25 15:46:20 [scrapy.extensions.telnet] INFO: Telnet console listening on 127.0.0.1:6023
2022-04-25 15:46:22 [selenium.webdriver.remote.remote_connection] DEBUG: POST http://localhost:51875/session {"capabilities": {"firstMatch": [{}], "alwaysMatch": {"browserName": "chrome", "pageLoadStrategy": "normal", "goog:chromeOptions": {"excludeSwitches": ["enable-automation", "enable-logging"], "extensions": [], "args": []}}}, "desiredCapabilities": {"browserName": "chrome", "pageLoadStrategy": "normal", "goog:chromeOptions": {"excludeSwitches": ["enable-automation", "enable-logging"], "extensions": [], "args": []}}}
2022-04-25 15:46:22 [urllib3.connectionpool] DEBUG: Starting new HTTP connection (1): localhost:51875
2022-04-25 15:46:23 [urllib3.connectionpool] DEBUG: http://localhost:51875 "POST /session HTTP/1.1" 200 786
2022-04-25 15:46:23 [selenium.webdriver.remote.remote_connection] DEBUG: Finished Request
2022-04-25 15:46:23 [selenium.webdriver.remote.remote_connection] DEBUG: POST http://localhost:51875/session/2fc0104c4f5778585cb7c05b12d59c9e/url {"url": "https://xian.esf.fang.com/housing"}
2022-04-25 15:46:24 [urllib3.connectionpool] DEBUG: http://localhost:51875 "POST /session/2fc0104c4f5778585cb7c05b12d59c9e/url HTTP/1.1" 200 14
2022-04-25 15:46:24 [selenium.webdriver.remote.remote_connection] DEBUG: Finished Request
2022-04-25 15:46:25 [selenium.webdriver.remote.remote_connection] DEBUG: POST http://localhost:51875/session/2fc0104c4f5778585cb7c05b12d59c9e/url {"url": "https://xian.esf.fang.com/housing"}
2022-04-25 15:46:26 [urllib3.connectionpool] DEBUG: http://localhost:51875 "POST /session/2fc0104c4f5778585cb7c05b12d59c9e/url HTTP/1.1" 200 14
2022-04-25 15:46:26 [selenium.webdriver.remote.remote_connection] DEBUG: Finished Request
2022-04-25 15:46:26 [selenium.webdriver.remote.remote_connection] DEBUG: GET http://localhost:51875/session/2fc0104c4f5778585cb7c05b12d59c9e/url {}
2022-04-25 15:46:26 [urllib3.connectionpool] DEBUG: http://localhost:51875 "GET /session/2fc0104c4f5778585cb7c05b12d59c9e/url HTTP/1.1" 200 75
2022-04-25 15:46:26 [selenium.webdriver.remote.remote_connection] DEBUG: Finished Request
2022-04-25 15:46:26 [selenium.webdriver.remote.remote_connection] DEBUG: GET http://localhost:51875/session/2fc0104c4f5778585cb7c05b12d59c9e/source {}
2022-04-25 15:46:26 [urllib3.connectionpool] DEBUG: http://localhost:51875 "GET /session/2fc0104c4f5778585cb7c05b12d59c9e/source HTTP/1.1" 200 238377
2022-04-25 15:46:26 [selenium.webdriver.remote.remote_connection] DEBUG: Finished Request
2022-04-25 15:46:26 [scrapy.core.engine] DEBUG: Crawled (200) <GET https://xian.esf.fang.com/housing> (referer: None)
2022-04-25 15:46:26 [selenium.webdriver.remote.remote_connection] DEBUG: POST http://localhost:51875/session/2fc0104c4f5778585cb7c05b12d59c9e/url {"url": "https://xian.esf.fang.com/loupan/3610969142.htm"}
2022-04-25 15:46:34 [urllib3.connectionpool] DEBUG: http://localhost:51875 "POST /session/2fc0104c4f5778585cb7c05b12d59c9e/url HTTP/1.1" 200 14
2022-04-25 15:46:34 [selenium.webdriver.remote.remote_connection] DEBUG: Finished Request
2022-04-25 15:46:34 [selenium.webdriver.remote.remote_connection] DEBUG: GET http://localhost:51875/session/2fc0104c4f5778585cb7c05b12d59c9e/url {}
2022-04-25 15:46:34 [urllib3.connectionpool] DEBUG: http://localhost:51875 "GET /session/2fc0104c4f5778585cb7c05b12d59c9e/url HTTP/1.1" 200 59
2022-04-25 15:46:34 [selenium.webdriver.remote.remote_connection] DEBUG: Finished Request
2022-04-25 15:46:34 [selenium.webdriver.remote.remote_connection] DEBUG: POST http://localhost:51875/session/2fc0104c4f5778585cb7c05b12d59c9e/element {"using": "css selector", "value": "[id=\"orginalNaviBox\"]"}
2022-04-25 15:46:34 [urllib3.connectionpool] DEBUG: http://localhost:51875 "POST /session/2fc0104c4f5778585cb7c05b12d59c9e/element HTTP/1.1" 200 88
2022-04-25 15:46:34 [selenium.webdriver.remote.remote_connection] DEBUG: Finished Request
2022-04-25 15:46:34 [selenium.webdriver.remote.remote_connection] DEBUG: POST http://localhost:51875/session/2fc0104c4f5778585cb7c05b12d59c9e/element/560a9721-cd44-4e80-a49a-050599c44ae7/elements {"using": "css selector", "value": "li", "id": "560a9721-cd44-4e80-a49a-050599c44ae7"}
2022-04-25 15:46:34 [urllib3.connectionpool] DEBUG: http://localhost:51875 "POST /session/2fc0104c4f5778585cb7c05b12d59c9e/element/560a9721-cd44-4e80-a49a-050599c44ae7/elements HTTP/1.1" 200 959
2022-04-25 15:46:34 [selenium.webdriver.remote.remote_connection] DEBUG: Finished Request
2022-04-25 15:46:34 [selenium.webdriver.remote.remote_connection] DEBUG: POST http://localhost:51875/session/2fc0104c4f5778585cb7c05b12d59c9e/element/bb4c67f2-d1e9-48fd-add8-5a73ec726f39/element {"using": "css selector", "value": "a", "id": "bb4c67f2-d1e9-48fd-add8-5a73ec726f39"}
2022-04-25 15:46:34 [urllib3.connectionpool] DEBUG: http://localhost:51875 "POST /session/2fc0104c4f5778585cb7c05b12d59c9e/element/bb4c67f2-d1e9-48fd-add8-5a73ec726f39/element HTTP/1.1" 200 88
2022-04-25 15:46:34 [selenium.webdriver.remote.remote_connection] DEBUG: Finished Request
2022-04-25 15:46:34 [selenium.webdriver.remote.remote_connection] DEBUG: GET http://localhost:51875/session/2fc0104c4f5778585cb7c05b12d59c9e/element/4f1c0395-6df8-4bee-99c4-a0de89bb6371/text {"id": "4f1c0395-6df8-4bee-99c4-a0de89bb6371"}
2022-04-25 15:46:34 [urllib3.connectionpool] DEBUG: http://localhost:51875 "GET /session/2fc0104c4f5778585cb7c05b12d59c9e/element/4f1c0395-6df8-4bee-99c4-a0de89bb6371/text HTTP/1.1" 200 24
2022-04-25 15:46:34 [selenium.webdriver.remote.remote_connection] DEBUG: Finished Request
2022-04-25 15:46:34 [selenium.webdriver.remote.remote_connection] DEBUG: POST http://localhost:51875/session/2fc0104c4f5778585cb7c05b12d59c9e/element/04f8c6f5-ae99-4b53-917d-f24d8d214153/element {"using": "css selector", "value": "a", "id": "04f8c6f5-ae99-4b53-917d-f24d8d214153"}
2022-04-25 15:46:34 [urllib3.connectionpool] DEBUG: http://localhost:51875 "POST /session/2fc0104c4f5778585cb7c05b12d59c9e/element/04f8c6f5-ae99-4b53-917d-f24d8d214153/element HTTP/1.1" 200 88
2022-04-25 15:46:34 [selenium.webdriver.remote.remote_connection] DEBUG: Finished Request
2022-04-25 15:46:34 [selenium.webdriver.remote.remote_connection] DEBUG: GET http://localhost:51875/session/2fc0104c4f5778585cb7c05b12d59c9e/element/98da0648-19d1-4937-bcfc-634c818fe74d/text {"id": "98da0648-19d1-4937-bcfc-634c818fe74d"}
2022-04-25 15:46:34 [urllib3.connectionpool] DEBUG: http://localhost:51875 "GET /session/2fc0104c4f5778585cb7c05b12d59c9e/element/98da0648-19d1-4937-bcfc-634c818fe74d/text HTTP/1.1" 200 24
2022-04-25 15:46:34 [selenium.webdriver.remote.remote_connection] DEBUG: Finished Request
2022-04-25 15:46:34 [selenium.webdriver.remote.remote_connection] DEBUG: POST http://localhost:51875/session/2fc0104c4f5778585cb7c05b12d59c9e/element/af2aa56b-7589-4c92-91d1-99bfae61989b/element {"using": "css selector", "value": "a", "id": "af2aa56b-7589-4c92-91d1-99bfae61989b"}
2022-04-25 15:46:34 [urllib3.connectionpool] DEBUG: http://localhost:51875 "POST /session/2fc0104c4f5778585cb7c05b12d59c9e/element/af2aa56b-7589-4c92-91d1-99bfae61989b/element HTTP/1.1" 200 88
2022-04-25 15:46:34 [selenium.webdriver.remote.remote_connection] DEBUG: Finished Request
2022-04-25 15:46:34 [selenium.webdriver.remote.remote_connection] DEBUG: GET http://localhost:51875/session/2fc0104c4f5778585cb7c05b12d59c9e/element/c5e701a2-f516-417d-8f0f-7a1b10d959c7/text {"id": "c5e701a2-f516-417d-8f0f-7a1b10d959c7"}
2022-04-25 15:46:34 [urllib3.connectionpool] DEBUG: http://localhost:51875 "GET /session/2fc0104c4f5778585cb7c05b12d59c9e/element/c5e701a2-f516-417d-8f0f-7a1b10d959c7/text HTTP/1.1" 200 24
2022-04-25 15:46:34 [selenium.webdriver.remote.remote_connection] DEBUG: Finished Request
2022-04-25 15:46:34 [selenium.webdriver.remote.remote_connection] DEBUG: POST http://localhost:51875/session/2fc0104c4f5778585cb7c05b12d59c9e/element {"using": "css selector", "value": ".title_village"}
2022-04-25 15:46:34 [urllib3.connectionpool] DEBUG: http://localhost:51875 "POST /session/2fc0104c4f5778585cb7c05b12d59c9e/element HTTP/1.1" 200 88
2022-04-25 15:46:34 [selenium.webdriver.remote.remote_connection] DEBUG: Finished Request
2022-04-25 15:46:34 [selenium.webdriver.remote.remote_connection] DEBUG: POST http://localhost:51875/session/2fc0104c4f5778585cb7c05b12d59c9e/element/b1ad0f98-42de-4668-a533-1b5ca8f1a11b/element {"using": "css selector", "value": "h3", "id": "b1ad0f98-42de-4668-a533-1b5ca8f1a11b"}
2022-04-25 15:46:34 [urllib3.connectionpool] DEBUG: http://localhost:51875 "POST /session/2fc0104c4f5778585cb7c05b12d59c9e/element/b1ad0f98-42de-4668-a533-1b5ca8f1a11b/element HTTP/1.1" 200 88
2022-04-25 15:46:34 [selenium.webdriver.remote.remote_connection] DEBUG: Finished Request
2022-04-25 15:46:34 [selenium.webdriver.remote.remote_connection] DEBUG: GET http://localhost:51875/session/2fc0104c4f5778585cb7c05b12d59c9e/element/d93411ec-09d7-4088-ac54-b1c9eaa81ca7/text {"id": "d93411ec-09d7-4088-ac54-b1c9eaa81ca7"}
2022-04-25 15:46:34 [urllib3.connectionpool] DEBUG: http://localhost:51875 "GET /session/2fc0104c4f5778585cb7c05b12d59c9e/element/d93411ec-09d7-4088-ac54-b1c9eaa81ca7/text HTTP/1.1" 200 26
2022-04-25 15:46:34 [selenium.webdriver.remote.remote_connection] DEBUG: Finished Request
2022-04-25 15:46:34 [selenium.webdriver.remote.remote_connection] DEBUG: POST http://localhost:51875/session/2fc0104c4f5778585cb7c05b12d59c9e/element {"using": "css selector", "value": ".num_price"}
2022-04-25 15:46:34 [urllib3.connectionpool] DEBUG: http://localhost:51875 "POST /session/2fc0104c4f5778585cb7c05b12d59c9e/element HTTP/1.1" 200 88
2022-04-25 15:46:34 [selenium.webdriver.remote.remote_connection] DEBUG: Finished Request
2022-04-25 15:46:34 [selenium.webdriver.remote.remote_connection] DEBUG: POST http://localhost:51875/session/2fc0104c4f5778585cb7c05b12d59c9e/element/0cddb156-40a9-445e-9fbc-8deb3a08cd4e/element {"using": "css selector", "value": "b", "id": "0cddb156-40a9-445e-9fbc-8deb3a08cd4e"}
2022-04-25 15:46:34 [urllib3.connectionpool] DEBUG: http://localhost:51875 "POST /session/2fc0104c4f5778585cb7c05b12d59c9e/element/0cddb156-40a9-445e-9fbc-8deb3a08cd4e/element HTTP/1.1" 200 88
2022-04-25 15:46:34 [selenium.webdriver.remote.remote_connection] DEBUG: Finished Request
2022-04-25 15:46:34 [selenium.webdriver.remote.remote_connection] DEBUG: GET http://localhost:51875/session/2fc0104c4f5778585cb7c05b12d59c9e/element/395524e2-6fa2-408d-8538-92bf8d6ace9c/text {"id": "395524e2-6fa2-408d-8538-92bf8d6ace9c"}
2022-04-25 15:46:34 [urllib3.connectionpool] DEBUG: http://localhost:51875 "GET /session/2fc0104c4f5778585cb7c05b12d59c9e/element/395524e2-6fa2-408d-8538-92bf8d6ace9c/text HTTP/1.1" 200 17
2022-04-25 15:46:34 [selenium.webdriver.remote.remote_connection] DEBUG: Finished Request
2022-04-25 15:46:35 [selenium.webdriver.remote.remote_connection] DEBUG: POST http://localhost:51875/session/2fc0104c4f5778585cb7c05b12d59c9e/element/af2aa56b-7589-4c92-91d1-99bfae61989b/click {"id": "af2aa56b-7589-4c92-91d1-99bfae61989b"}
2022-04-25 15:46:36 [urllib3.connectionpool] DEBUG: http://localhost:51875 "POST /session/2fc0104c4f5778585cb7c05b12d59c9e/element/af2aa56b-7589-4c92-91d1-99bfae61989b/click HTTP/1.1" 200 14
2022-04-25 15:46:36 [selenium.webdriver.remote.remote_connection] DEBUG: Finished Request
2022-04-25 15:46:36 [selenium.webdriver.remote.remote_connection] DEBUG: POST http://localhost:51875/session/2fc0104c4f5778585cb7c05b12d59c9e/elements {"using": "css selector", "value": ".flextable"}
2022-04-25 15:46:36 [urllib3.connectionpool] DEBUG: http://localhost:51875 "POST /session/2fc0104c4f5778585cb7c05b12d59c9e/elements HTTP/1.1" 200 169
2022-04-25 15:46:36 [selenium.webdriver.remote.remote_connection] DEBUG: Finished Request
2022-04-25 15:46:36 [selenium.webdriver.remote.remote_connection] DEBUG: POST http://localhost:51875/session/2fc0104c4f5778585cb7c05b12d59c9e/element/5c023f41-a954-4ba0-b042-826fbc406580/elements {"using": "css selector", "value": "li", "id": "5c023f41-a954-4ba0-b042-826fbc406580"}
2022-04-25 15:46:36 [urllib3.connectionpool] DEBUG: http://localhost:51875 "POST /session/2fc0104c4f5778585cb7c05b12d59c9e/element/5c023f41-a954-4ba0-b042-826fbc406580/elements HTTP/1.1" 200 327
2022-04-25 15:46:36 [selenium.webdriver.remote.remote_connection] DEBUG: Finished Request
2022-04-25 15:46:36 [selenium.webdriver.remote.remote_connection] DEBUG: POST http://localhost:51875/session/2fc0104c4f5778585cb7c05b12d59c9e/element/65feb2af-9681-4b05-93e5-e3f7431803fd/element {"using": "css selector", "value": "span", "id": "65feb2af-9681-4b05-93e5-e3f7431803fd"}
2022-04-25 15:46:36 [urllib3.connectionpool] DEBUG: http://localhost:51875 "POST /session/2fc0104c4f5778585cb7c05b12d59c9e/element/65feb2af-9681-4b05-93e5-e3f7431803fd/element HTTP/1.1" 200 88
2022-04-25 15:46:36 [selenium.webdriver.remote.remote_connection] DEBUG: Finished Request
2022-04-25 15:46:36 [selenium.webdriver.remote.remote_connection] DEBUG: GET http://localhost:51875/session/2fc0104c4f5778585cb7c05b12d59c9e/element/52c48903-ed7d-4a68-9cbd-2caa35756b3e/text {"id": "52c48903-ed7d-4a68-9cbd-2caa35756b3e"}
2022-04-25 15:46:36 [urllib3.connectionpool] DEBUG: http://localhost:51875 "GET /session/2fc0104c4f5778585cb7c05b12d59c9e/element/52c48903-ed7d-4a68-9cbd-2caa35756b3e/text HTTP/1.1" 200 24
2022-04-25 15:46:36 [selenium.webdriver.remote.remote_connection] DEBUG: Finished Request
2022-04-25 15:46:36 [selenium.webdriver.remote.remote_connection] DEBUG: POST http://localhost:51875/session/2fc0104c4f5778585cb7c05b12d59c9e/element/ad7aa88d-cd4d-4463-a102-2c6932a18f52/element {"using": "css selector", "value": "span", "id": "ad7aa88d-cd4d-4463-a102-2c6932a18f52"}
2022-04-25 15:46:36 [urllib3.connectionpool] DEBUG: http://localhost:51875 "POST /session/2fc0104c4f5778585cb7c05b12d59c9e/element/ad7aa88d-cd4d-4463-a102-2c6932a18f52/element HTTP/1.1" 200 88
2022-04-25 15:46:36 [selenium.webdriver.remote.remote_connection] DEBUG: Finished Request
2022-04-25 15:46:36 [selenium.webdriver.remote.remote_connection] DEBUG: GET http://localhost:51875/session/2fc0104c4f5778585cb7c05b12d59c9e/element/dfb9eab4-21a5-44e3-b8d9-6c2d05104105/text {"id": "dfb9eab4-21a5-44e3-b8d9-6c2d05104105"}
2022-04-25 15:46:36 [urllib3.connectionpool] DEBUG: http://localhost:51875 "GET /session/2fc0104c4f5778585cb7c05b12d59c9e/element/dfb9eab4-21a5-44e3-b8d9-6c2d05104105/text HTTP/1.1" 200 24
2022-04-25 15:46:36 [selenium.webdriver.remote.remote_connection] DEBUG: Finished Request
2022-04-25 15:46:36 [selenium.webdriver.remote.remote_connection] DEBUG: POST http://localhost:51875/session/2fc0104c4f5778585cb7c05b12d59c9e/element/c6d0f98b-dedb-43b3-8054-bddeb683039d/element {"using": "css selector", "value": "span", "id": "c6d0f98b-dedb-43b3-8054-bddeb683039d"}
2022-04-25 15:46:36 [urllib3.connectionpool] DEBUG: http://localhost:51875 "POST /session/2fc0104c4f5778585cb7c05b12d59c9e/element/c6d0f98b-dedb-43b3-8054-bddeb683039d/element HTTP/1.1" 200 88
2022-04-25 15:46:36 [selenium.webdriver.remote.remote_connection] DEBUG: Finished Request
2022-04-25 15:46:36 [selenium.webdriver.remote.remote_connection] DEBUG: GET http://localhost:51875/session/2fc0104c4f5778585cb7c05b12d59c9e/element/97cc11a1-5772-4bd2-b357-ac99a9fdb898/text {"id": "97cc11a1-5772-4bd2-b357-ac99a9fdb898"}
2022-04-25 15:46:36 [urllib3.connectionpool] DEBUG: http://localhost:51875 "GET /session/2fc0104c4f5778585cb7c05b12d59c9e/element/97cc11a1-5772-4bd2-b357-ac99a9fdb898/text HTTP/1.1" 200 24
2022-04-25 15:46:36 [selenium.webdriver.remote.remote_connection] DEBUG: Finished Request
2022-04-25 15:46:36 [selenium.webdriver.remote.remote_connection] DEBUG: POST http://localhost:51875/session/2fc0104c4f5778585cb7c05b12d59c9e/element/c6d0f98b-dedb-43b3-8054-bddeb683039d/element {"using": "css selector", "value": "p", "id": "c6d0f98b-dedb-43b3-8054-bddeb683039d"}
2022-04-25 15:46:36 [urllib3.connectionpool] DEBUG: http://localhost:51875 "POST /session/2fc0104c4f5778585cb7c05b12d59c9e/element/c6d0f98b-dedb-43b3-8054-bddeb683039d/element HTTP/1.1" 200 88
2022-04-25 15:46:36 [selenium.webdriver.remote.remote_connection] DEBUG: Finished Request
2022-04-25 15:46:36 [selenium.webdriver.remote.remote_connection] DEBUG: GET http://localhost:51875/session/2fc0104c4f5778585cb7c05b12d59c9e/element/afcf58af-01cd-4ec1-98e0-257cd5f0adb0/text {"id": "afcf58af-01cd-4ec1-98e0-257cd5f0adb0"}
2022-04-25 15:46:36 [urllib3.connectionpool] DEBUG: http://localhost:51875 "GET /session/2fc0104c4f5778585cb7c05b12d59c9e/element/afcf58af-01cd-4ec1-98e0-257cd5f0adb0/text HTTP/1.1" 200 30
2022-04-25 15:46:36 [selenium.webdriver.remote.remote_connection] DEBUG: Finished Request
2022-04-25 15:46:36 [selenium.webdriver.remote.remote_connection] DEBUG: POST http://localhost:51875/session/2fc0104c4f5778585cb7c05b12d59c9e/elements {"using": "css selector", "value": ".bg_box_in"}
2022-04-25 15:46:36 [urllib3.connectionpool] DEBUG: http://localhost:51875 "POST /session/2fc0104c4f5778585cb7c05b12d59c9e/elements HTTP/1.1" 200 1038
2022-04-25 15:46:36 [selenium.webdriver.remote.remote_connection] DEBUG: Finished Request
2022-04-25 15:46:36 [selenium.webdriver.remote.remote_connection] DEBUG: POST http://localhost:51875/session/2fc0104c4f5778585cb7c05b12d59c9e/element/44f462c1-4068-405c-ad7e-5564bd0d69a0/element {"using": "css selector", "value": "h3", "id": "44f462c1-4068-405c-ad7e-5564bd0d69a0"}
2022-04-25 15:46:36 [urllib3.connectionpool] DEBUG: http://localhost:51875 "POST /session/2fc0104c4f5778585cb7c05b12d59c9e/element/44f462c1-4068-405c-ad7e-5564bd0d69a0/element HTTP/1.1" 200 88
2022-04-25 15:46:36 [selenium.webdriver.remote.remote_connection] DEBUG: Finished Request
2022-04-25 15:46:36 [selenium.webdriver.remote.remote_connection] DEBUG: GET http://localhost:51875/session/2fc0104c4f5778585cb7c05b12d59c9e/element/fa5356f8-6688-4b18-96bc-365a5b995b85/text {"id": "fa5356f8-6688-4b18-96bc-365a5b995b85"}
2022-04-25 15:46:36 [urllib3.connectionpool] DEBUG: http://localhost:51875 "GET /session/2fc0104c4f5778585cb7c05b12d59c9e/element/fa5356f8-6688-4b18-96bc-365a5b995b85/text HTTP/1.1" 200 24
2022-04-25 15:46:36 [selenium.webdriver.remote.remote_connection] DEBUG: Finished Request
2022-04-25 15:46:36 [selenium.webdriver.remote.remote_connection] DEBUG: POST http://localhost:51875/session/2fc0104c4f5778585cb7c05b12d59c9e/element/cabb9198-3bc0-41c1-b7a5-13a85694678c/element {"using": "css selector", "value": "h3", "id": "cabb9198-3bc0-41c1-b7a5-13a85694678c"}
2022-04-25 15:46:36 [urllib3.connectionpool] DEBUG: http://localhost:51875 "POST /session/2fc0104c4f5778585cb7c05b12d59c9e/element/cabb9198-3bc0-41c1-b7a5-13a85694678c/element HTTP/1.1" 200 88
2022-04-25 15:46:36 [selenium.webdriver.remote.remote_connection] DEBUG: Finished Request
2022-04-25 15:46:36 [selenium.webdriver.remote.remote_connection] DEBUG: GET http://localhost:51875/session/2fc0104c4f5778585cb7c05b12d59c9e/element/cb6085ab-0b71-45c3-8d52-d65cddec25e9/text {"id": "cb6085ab-0b71-45c3-8d52-d65cddec25e9"}
2022-04-25 15:46:36 [urllib3.connectionpool] DEBUG: http://localhost:51875 "GET /session/2fc0104c4f5778585cb7c05b12d59c9e/element/cb6085ab-0b71-45c3-8d52-d65cddec25e9/text HTTP/1.1" 200 24
2022-04-25 15:46:36 [selenium.webdriver.remote.remote_connection] DEBUG: Finished Request
2022-04-25 15:46:36 [selenium.webdriver.remote.remote_connection] DEBUG: POST http://localhost:51875/session/2fc0104c4f5778585cb7c05b12d59c9e/element/051c8617-bef2-4074-9f25-2a3ec9cfbf91/element {"using": "css selector", "value": "h3", "id": "051c8617-bef2-4074-9f25-2a3ec9cfbf91"}
2022-04-25 15:46:36 [urllib3.connectionpool] DEBUG: http://localhost:51875 "POST /session/2fc0104c4f5778585cb7c05b12d59c9e/element/051c8617-bef2-4074-9f25-2a3ec9cfbf91/element HTTP/1.1" 200 88
2022-04-25 15:46:36 [selenium.webdriver.remote.remote_connection] DEBUG: Finished Request
2022-04-25 15:46:36 [selenium.webdriver.remote.remote_connection] DEBUG: GET http://localhost:51875/session/2fc0104c4f5778585cb7c05b12d59c9e/element/e51f365d-8865-4e7f-a346-5e6c9cd3d79d/text {"id": "e51f365d-8865-4e7f-a346-5e6c9cd3d79d"}
2022-04-25 15:46:36 [urllib3.connectionpool] DEBUG: http://localhost:51875 "GET /session/2fc0104c4f5778585cb7c05b12d59c9e/element/e51f365d-8865-4e7f-a346-5e6c9cd3d79d/text HTTP/1.1" 200 21
2022-04-25 15:46:36 [selenium.webdriver.remote.remote_connection] DEBUG: Finished Request
2022-04-25 15:46:36 [selenium.webdriver.remote.remote_connection] DEBUG: POST http://localhost:51875/session/2fc0104c4f5778585cb7c05b12d59c9e/element/051c8617-bef2-4074-9f25-2a3ec9cfbf91/elements {"using": "css selector", "value": ".num_score", "id": "051c8617-bef2-4074-9f25-2a3ec9cfbf91"}
2022-04-25 15:46:36 [urllib3.connectionpool] DEBUG: http://localhost:51875 "POST /session/2fc0104c4f5778585cb7c05b12d59c9e/element/051c8617-bef2-4074-9f25-2a3ec9cfbf91/elements HTTP/1.1" 200 169
2022-04-25 15:46:36 [selenium.webdriver.remote.remote_connection] DEBUG: Finished Request
2022-04-25 15:46:36 [selenium.webdriver.remote.remote_connection] DEBUG: GET http://localhost:51875/session/2fc0104c4f5778585cb7c05b12d59c9e/element/63f9c239-a1a5-45dd-8d7f-8b9800577662/text {"id": "63f9c239-a1a5-45dd-8d7f-8b9800577662"}
2022-04-25 15:46:36 [urllib3.connectionpool] DEBUG: http://localhost:51875 "GET /session/2fc0104c4f5778585cb7c05b12d59c9e/element/63f9c239-a1a5-45dd-8d7f-8b9800577662/text HTTP/1.1" 200 15
2022-04-25 15:46:36 [selenium.webdriver.remote.remote_connection] DEBUG: Finished Request
2022-04-25 15:46:36 [selenium.webdriver.remote.remote_connection] DEBUG: POST http://localhost:51875/session/2fc0104c4f5778585cb7c05b12d59c9e/element/8d13b502-f9fc-4258-b68a-443c48b25336/element {"using": "css selector", "value": "h3", "id": "8d13b502-f9fc-4258-b68a-443c48b25336"}
2022-04-25 15:46:36 [urllib3.connectionpool] DEBUG: http://localhost:51875 "POST /session/2fc0104c4f5778585cb7c05b12d59c9e/element/8d13b502-f9fc-4258-b68a-443c48b25336/element HTTP/1.1" 200 88
2022-04-25 15:46:36 [selenium.webdriver.remote.remote_connection] DEBUG: Finished Request
2022-04-25 15:46:36 [selenium.webdriver.remote.remote_connection] DEBUG: GET http://localhost:51875/session/2fc0104c4f5778585cb7c05b12d59c9e/element/057e926e-8d43-4918-bb9f-b983c943a688/text {"id": "057e926e-8d43-4918-bb9f-b983c943a688"}
2022-04-25 15:46:36 [urllib3.connectionpool] DEBUG: http://localhost:51875 "GET /session/2fc0104c4f5778585cb7c05b12d59c9e/element/057e926e-8d43-4918-bb9f-b983c943a688/text HTTP/1.1" 200 21
2022-04-25 15:46:36 [selenium.webdriver.remote.remote_connection] DEBUG: Finished Request
2022-04-25 15:46:36 [selenium.webdriver.remote.remote_connection] DEBUG: POST http://localhost:51875/session/2fc0104c4f5778585cb7c05b12d59c9e/element/8d13b502-f9fc-4258-b68a-443c48b25336/elements {"using": "css selector", "value": ".num_score", "id": "8d13b502-f9fc-4258-b68a-443c48b25336"}
2022-04-25 15:46:36 [urllib3.connectionpool] DEBUG: http://localhost:51875 "POST /session/2fc0104c4f5778585cb7c05b12d59c9e/element/8d13b502-f9fc-4258-b68a-443c48b25336/elements HTTP/1.1" 200 169
2022-04-25 15:46:36 [selenium.webdriver.remote.remote_connection] DEBUG: Finished Request
2022-04-25 15:46:36 [selenium.webdriver.remote.remote_connection] DEBUG: GET http://localhost:51875/session/2fc0104c4f5778585cb7c05b12d59c9e/element/a01df8b7-6e6d-4115-9e71-f22a5799d31a/text {"id": "a01df8b7-6e6d-4115-9e71-f22a5799d31a"}
2022-04-25 15:46:36 [urllib3.connectionpool] DEBUG: http://localhost:51875 "GET /session/2fc0104c4f5778585cb7c05b12d59c9e/element/a01df8b7-6e6d-4115-9e71-f22a5799d31a/text HTTP/1.1" 200 14
2022-04-25 15:46:36 [selenium.webdriver.remote.remote_connection] DEBUG: Finished Request
2022-04-25 15:46:36 [selenium.webdriver.remote.remote_connection] DEBUG: POST http://localhost:51875/session/2fc0104c4f5778585cb7c05b12d59c9e/element/910e326e-56b7-4b54-8156-5e900d583f77/element {"using": "css selector", "value": "h3", "id": "910e326e-56b7-4b54-8156-5e900d583f77"}
2022-04-25 15:46:36 [urllib3.connectionpool] DEBUG: http://localhost:51875 "POST /session/2fc0104c4f5778585cb7c05b12d59c9e/element/910e326e-56b7-4b54-8156-5e900d583f77/element HTTP/1.1" 200 88
2022-04-25 15:46:36 [selenium.webdriver.remote.remote_connection] DEBUG: Finished Request
2022-04-25 15:46:36 [selenium.webdriver.remote.remote_connection] DEBUG: GET http://localhost:51875/session/2fc0104c4f5778585cb7c05b12d59c9e/element/0d4a2a1c-0a14-4607-bc7b-ca48560a1450/text {"id": "0d4a2a1c-0a14-4607-bc7b-ca48560a1450"}
2022-04-25 15:46:37 [urllib3.connectionpool] DEBUG: http://localhost:51875 "GET /session/2fc0104c4f5778585cb7c05b12d59c9e/element/0d4a2a1c-0a14-4607-bc7b-ca48560a1450/text HTTP/1.1" 200 18
2022-04-25 15:46:37 [selenium.webdriver.remote.remote_connection] DEBUG: Finished Request
2022-04-25 15:46:37 [selenium.webdriver.remote.remote_connection] DEBUG: POST http://localhost:51875/session/2fc0104c4f5778585cb7c05b12d59c9e/element/ce1aa33f-5986-41c1-af1b-82ef40cbfc3e/element {"using": "css selector", "value": "h3", "id": "ce1aa33f-5986-41c1-af1b-82ef40cbfc3e"}
2022-04-25 15:46:37 [urllib3.connectionpool] DEBUG: http://localhost:51875 "POST /session/2fc0104c4f5778585cb7c05b12d59c9e/element/ce1aa33f-5986-41c1-af1b-82ef40cbfc3e/element HTTP/1.1" 200 88
2022-04-25 15:46:37 [selenium.webdriver.remote.remote_connection] DEBUG: Finished Request
2022-04-25 15:46:37 [selenium.webdriver.remote.remote_connection] DEBUG: GET http://localhost:51875/session/2fc0104c4f5778585cb7c05b12d59c9e/element/694eb372-c548-481f-a8f2-4a08e6128b0b/text {"id": "694eb372-c548-481f-a8f2-4a08e6128b0b"}
2022-04-25 15:46:37 [urllib3.connectionpool] DEBUG: http://localhost:51875 "GET /session/2fc0104c4f5778585cb7c05b12d59c9e/element/694eb372-c548-481f-a8f2-4a08e6128b0b/text HTTP/1.1" 200 24
2022-04-25 15:46:37 [selenium.webdriver.remote.remote_connection] DEBUG: Finished Request
2022-04-25 15:46:37 [selenium.webdriver.remote.remote_connection] DEBUG: POST http://localhost:51875/session/2fc0104c4f5778585cb7c05b12d59c9e/element/ee766ddf-bf9c-4645-8380-7bf411d5a899/element {"using": "css selector", "value": "h3", "id": "ee766ddf-bf9c-4645-8380-7bf411d5a899"}
2022-04-25 15:46:37 [urllib3.connectionpool] DEBUG: http://localhost:51875 "POST /session/2fc0104c4f5778585cb7c05b12d59c9e/element/ee766ddf-bf9c-4645-8380-7bf411d5a899/element HTTP/1.1" 200 88
2022-04-25 15:46:37 [selenium.webdriver.remote.remote_connection] DEBUG: Finished Request
2022-04-25 15:46:37 [selenium.webdriver.remote.remote_connection] DEBUG: GET http://localhost:51875/session/2fc0104c4f5778585cb7c05b12d59c9e/element/641e44eb-bb1f-4ff2-aa58-27c222224d4e/text {"id": "641e44eb-bb1f-4ff2-aa58-27c222224d4e"}
2022-04-25 15:46:37 [urllib3.connectionpool] DEBUG: http://localhost:51875 "GET /session/2fc0104c4f5778585cb7c05b12d59c9e/element/641e44eb-bb1f-4ff2-aa58-27c222224d4e/text HTTP/1.1" 200 24
2022-04-25 15:46:37 [selenium.webdriver.remote.remote_connection] DEBUG: Finished Request
2022-04-25 15:46:37 [selenium.webdriver.remote.remote_connection] DEBUG: POST http://localhost:51875/session/2fc0104c4f5778585cb7c05b12d59c9e/element/a5f19459-63e8-490c-82d5-dcfa8156eb79/element {"using": "css selector", "value": "h3", "id": "a5f19459-63e8-490c-82d5-dcfa8156eb79"}
2022-04-25 15:46:37 [urllib3.connectionpool] DEBUG: http://localhost:51875 "POST /session/2fc0104c4f5778585cb7c05b12d59c9e/element/a5f19459-63e8-490c-82d5-dcfa8156eb79/element HTTP/1.1" 200 88
2022-04-25 15:46:37 [selenium.webdriver.remote.remote_connection] DEBUG: Finished Request
2022-04-25 15:46:37 [selenium.webdriver.remote.remote_connection] DEBUG: GET http://localhost:51875/session/2fc0104c4f5778585cb7c05b12d59c9e/element/735fdd25-5e61-4e12-9571-5c073338803b/text {"id": "735fdd25-5e61-4e12-9571-5c073338803b"}
2022-04-25 15:46:37 [urllib3.connectionpool] DEBUG: http://localhost:51875 "GET /session/2fc0104c4f5778585cb7c05b12d59c9e/element/735fdd25-5e61-4e12-9571-5c073338803b/text HTTP/1.1" 200 24
2022-04-25 15:46:37 [selenium.webdriver.remote.remote_connection] DEBUG: Finished Request
2022-04-25 15:46:37 [selenium.webdriver.remote.remote_connection] DEBUG: POST http://localhost:51875/session/2fc0104c4f5778585cb7c05b12d59c9e/element/3ba3a9fd-4c14-4782-a758-b60242a45c73/element {"using": "css selector", "value": "h3", "id": "3ba3a9fd-4c14-4782-a758-b60242a45c73"}
2022-04-25 15:46:37 [urllib3.connectionpool] DEBUG: http://localhost:51875 "POST /session/2fc0104c4f5778585cb7c05b12d59c9e/element/3ba3a9fd-4c14-4782-a758-b60242a45c73/element HTTP/1.1" 200 88
2022-04-25 15:46:37 [selenium.webdriver.remote.remote_connection] DEBUG: Finished Request
2022-04-25 15:46:37 [selenium.webdriver.remote.remote_connection] DEBUG: GET http://localhost:51875/session/2fc0104c4f5778585cb7c05b12d59c9e/element/3d29b401-2d6a-490d-b3cf-133a2ad9045b/text {"id": "3d29b401-2d6a-490d-b3cf-133a2ad9045b"}
2022-04-25 15:46:37 [urllib3.connectionpool] DEBUG: http://localhost:51875 "GET /session/2fc0104c4f5778585cb7c05b12d59c9e/element/3d29b401-2d6a-490d-b3cf-133a2ad9045b/text HTTP/1.1" 200 24
2022-04-25 15:46:37 [selenium.webdriver.remote.remote_connection] DEBUG: Finished Request
2022-04-25 15:46:37 [selenium.webdriver.remote.remote_connection] DEBUG: POST http://localhost:51875/session/2fc0104c4f5778585cb7c05b12d59c9e/element/3ba3a9fd-4c14-4782-a758-b60242a45c73/elements {"using": "css selector", "value": ".num_score", "id": "3ba3a9fd-4c14-4782-a758-b60242a45c73"}
2022-04-25 15:46:37 [urllib3.connectionpool] DEBUG: http://localhost:51875 "POST /session/2fc0104c4f5778585cb7c05b12d59c9e/element/3ba3a9fd-4c14-4782-a758-b60242a45c73/elements HTTP/1.1" 200 327
2022-04-25 15:46:37 [selenium.webdriver.remote.remote_connection] DEBUG: Finished Request
2022-04-25 15:46:37 [selenium.webdriver.remote.remote_connection] DEBUG: GET http://localhost:51875/session/2fc0104c4f5778585cb7c05b12d59c9e/element/11cd0fa2-b67f-4885-ba69-df88533bc8f9/text {"id": "11cd0fa2-b67f-4885-ba69-df88533bc8f9"}
2022-04-25 15:46:37 [urllib3.connectionpool] DEBUG: http://localhost:51875 "GET /session/2fc0104c4f5778585cb7c05b12d59c9e/element/11cd0fa2-b67f-4885-ba69-df88533bc8f9/text HTTP/1.1" 200 13
2022-04-25 15:46:37 [selenium.webdriver.remote.remote_connection] DEBUG: Finished Request
2022-04-25 15:46:37 [selenium.webdriver.remote.remote_connection] DEBUG: POST http://localhost:51875/session/2fc0104c4f5778585cb7c05b12d59c9e/element/3ba3a9fd-4c14-4782-a758-b60242a45c73/elements {"using": "css selector", "value": ".num_score", "id": "3ba3a9fd-4c14-4782-a758-b60242a45c73"}
2022-04-25 15:46:37 [urllib3.connectionpool] DEBUG: http://localhost:51875 "POST /session/2fc0104c4f5778585cb7c05b12d59c9e/element/3ba3a9fd-4c14-4782-a758-b60242a45c73/elements HTTP/1.1" 200 327
2022-04-25 15:46:37 [selenium.webdriver.remote.remote_connection] DEBUG: Finished Request
2022-04-25 15:46:37 [selenium.webdriver.remote.remote_connection] DEBUG: GET http://localhost:51875/session/2fc0104c4f5778585cb7c05b12d59c9e/element/7a235916-e96f-4451-8c2b-4d4aca26ef61/text {"id": "7a235916-e96f-4451-8c2b-4d4aca26ef61"}
2022-04-25 15:46:37 [urllib3.connectionpool] DEBUG: http://localhost:51875 "GET /session/2fc0104c4f5778585cb7c05b12d59c9e/element/7a235916-e96f-4451-8c2b-4d4aca26ef61/text HTTP/1.1" 200 14
2022-04-25 15:46:37 [selenium.webdriver.remote.remote_connection] DEBUG: Finished Request
2022-04-25 15:46:37 [selenium.webdriver.remote.remote_connection] DEBUG: POST http://localhost:51875/session/2fc0104c4f5778585cb7c05b12d59c9e/element/9cfcdcfa-3196-4ac4-b118-af3f27026d54/element {"using": "css selector", "value": "h3", "id": "9cfcdcfa-3196-4ac4-b118-af3f27026d54"}
2022-04-25 15:46:37 [urllib3.connectionpool] DEBUG: http://localhost:51875 "POST /session/2fc0104c4f5778585cb7c05b12d59c9e/element/9cfcdcfa-3196-4ac4-b118-af3f27026d54/element HTTP/1.1" 200 88
2022-04-25 15:46:37 [selenium.webdriver.remote.remote_connection] DEBUG: Finished Request
2022-04-25 15:46:37 [selenium.webdriver.remote.remote_connection] DEBUG: GET http://localhost:51875/session/2fc0104c4f5778585cb7c05b12d59c9e/element/c3073752-d8e5-4c4b-8575-bc7cc47baacc/text {"id": "c3073752-d8e5-4c4b-8575-bc7cc47baacc"}
2022-04-25 15:46:37 [urllib3.connectionpool] DEBUG: http://localhost:51875 "GET /session/2fc0104c4f5778585cb7c05b12d59c9e/element/c3073752-d8e5-4c4b-8575-bc7cc47baacc/text HTTP/1.1" 200 24
2022-04-25 15:46:37 [selenium.webdriver.remote.remote_connection] DEBUG: Finished Request
2022-04-25 15:46:37 [selenium.webdriver.remote.remote_connection] DEBUG: POST http://localhost:51875/session/2fc0104c4f5778585cb7c05b12d59c9e/element/9cfcdcfa-3196-4ac4-b118-af3f27026d54/elements {"using": "css selector", "value": ".num_score", "id": "9cfcdcfa-3196-4ac4-b118-af3f27026d54"}
2022-04-25 15:46:37 [urllib3.connectionpool] DEBUG: http://localhost:51875 "POST /session/2fc0104c4f5778585cb7c05b12d59c9e/element/9cfcdcfa-3196-4ac4-b118-af3f27026d54/elements HTTP/1.1" 200 485
2022-04-25 15:46:37 [selenium.webdriver.remote.remote_connection] DEBUG: Finished Request
2022-04-25 15:46:37 [selenium.webdriver.remote.remote_connection] DEBUG: GET http://localhost:51875/session/2fc0104c4f5778585cb7c05b12d59c9e/element/9f0d50b2-ee21-4a39-8f65-d15de4a0946f/text {"id": "9f0d50b2-ee21-4a39-8f65-d15de4a0946f"}
2022-04-25 15:46:37 [urllib3.connectionpool] DEBUG: http://localhost:51875 "GET /session/2fc0104c4f5778585cb7c05b12d59c9e/element/9f0d50b2-ee21-4a39-8f65-d15de4a0946f/text HTTP/1.1" 200 15
2022-04-25 15:46:37 [selenium.webdriver.remote.remote_connection] DEBUG: Finished Request
2022-04-25 15:46:37 [selenium.webdriver.remote.remote_connection] DEBUG: POST http://localhost:51875/session/2fc0104c4f5778585cb7c05b12d59c9e/element/9cfcdcfa-3196-4ac4-b118-af3f27026d54/elements {"using": "css selector", "value": ".num_score", "id": "9cfcdcfa-3196-4ac4-b118-af3f27026d54"}
2022-04-25 15:46:37 [urllib3.connectionpool] DEBUG: http://localhost:51875 "POST /session/2fc0104c4f5778585cb7c05b12d59c9e/element/9cfcdcfa-3196-4ac4-b118-af3f27026d54/elements HTTP/1.1" 200 485
2022-04-25 15:46:37 [selenium.webdriver.remote.remote_connection] DEBUG: Finished Request
2022-04-25 15:46:37 [selenium.webdriver.remote.remote_connection] DEBUG: GET http://localhost:51875/session/2fc0104c4f5778585cb7c05b12d59c9e/element/1fdcee40-e24f-4e61-8e50-de7e47b5f363/text {"id": "1fdcee40-e24f-4e61-8e50-de7e47b5f363"}
2022-04-25 15:46:37 [urllib3.connectionpool] DEBUG: http://localhost:51875 "GET /session/2fc0104c4f5778585cb7c05b12d59c9e/element/1fdcee40-e24f-4e61-8e50-de7e47b5f363/text HTTP/1.1" 200 14
2022-04-25 15:46:37 [selenium.webdriver.remote.remote_connection] DEBUG: Finished Request
2022-04-25 15:46:37 [selenium.webdriver.remote.remote_connection] DEBUG: POST http://localhost:51875/session/2fc0104c4f5778585cb7c05b12d59c9e/element/9cfcdcfa-3196-4ac4-b118-af3f27026d54/elements {"using": "css selector", "value": ".num_score", "id": "9cfcdcfa-3196-4ac4-b118-af3f27026d54"}
2022-04-25 15:46:37 [urllib3.connectionpool] DEBUG: http://localhost:51875 "POST /session/2fc0104c4f5778585cb7c05b12d59c9e/element/9cfcdcfa-3196-4ac4-b118-af3f27026d54/elements HTTP/1.1" 200 485
2022-04-25 15:46:37 [selenium.webdriver.remote.remote_connection] DEBUG: Finished Request
2022-04-25 15:46:37 [selenium.webdriver.remote.remote_connection] DEBUG: GET http://localhost:51875/session/2fc0104c4f5778585cb7c05b12d59c9e/element/19daef1a-e1c9-49bc-af6c-f52ba2530815/text {"id": "19daef1a-e1c9-49bc-af6c-f52ba2530815"}
2022-04-25 15:46:37 [urllib3.connectionpool] DEBUG: http://localhost:51875 "GET /session/2fc0104c4f5778585cb7c05b12d59c9e/element/19daef1a-e1c9-49bc-af6c-f52ba2530815/text HTTP/1.1" 200 14
2022-04-25 15:46:37 [selenium.webdriver.remote.remote_connection] DEBUG: Finished Request
2022-04-25 15:46:37 [selenium.webdriver.remote.remote_connection] DEBUG: POST http://localhost:51875/session/2fc0104c4f5778585cb7c05b12d59c9e/element/90dd8081-bca9-43fd-b979-e9fb977d300d/element {"using": "css selector", "value": "h3", "id": "90dd8081-bca9-43fd-b979-e9fb977d300d"}
2022-04-25 15:46:37 [urllib3.connectionpool] DEBUG: http://localhost:51875 "POST /session/2fc0104c4f5778585cb7c05b12d59c9e/element/90dd8081-bca9-43fd-b979-e9fb977d300d/element HTTP/1.1" 200 88
2022-04-25 15:46:37 [selenium.webdriver.remote.remote_connection] DEBUG: Finished Request
2022-04-25 15:46:37 [selenium.webdriver.remote.remote_connection] DEBUG: GET http://localhost:51875/session/2fc0104c4f5778585cb7c05b12d59c9e/element/f4df29bf-9f2e-4f0c-8447-84c835fc4af2/text {"id": "f4df29bf-9f2e-4f0c-8447-84c835fc4af2"}
2022-04-25 15:46:37 [urllib3.connectionpool] DEBUG: http://localhost:51875 "GET /session/2fc0104c4f5778585cb7c05b12d59c9e/element/f4df29bf-9f2e-4f0c-8447-84c835fc4af2/text HTTP/1.1" 200 24
2022-04-25 15:46:37 [selenium.webdriver.remote.remote_connection] DEBUG: Finished Request
2022-04-25 15:46:37 [selenium.webdriver.remote.remote_connection] DEBUG: POST http://localhost:51875/session/2fc0104c4f5778585cb7c05b12d59c9e/element/90dd8081-bca9-43fd-b979-e9fb977d300d/elements {"using": "css selector", "value": ".num_score", "id": "90dd8081-bca9-43fd-b979-e9fb977d300d"}
2022-04-25 15:46:37 [urllib3.connectionpool] DEBUG: http://localhost:51875 "POST /session/2fc0104c4f5778585cb7c05b12d59c9e/element/90dd8081-bca9-43fd-b979-e9fb977d300d/elements HTTP/1.1" 200 248
2022-04-25 15:46:37 [selenium.webdriver.remote.remote_connection] DEBUG: Finished Request
2022-04-25 15:46:37 [selenium.webdriver.remote.remote_connection] DEBUG: GET http://localhost:51875/session/2fc0104c4f5778585cb7c05b12d59c9e/element/d10b9b51-7127-4af6-b831-9b807ec21f4c/text {"id": "d10b9b51-7127-4af6-b831-9b807ec21f4c"}
2022-04-25 15:46:37 [urllib3.connectionpool] DEBUG: http://localhost:51875 "GET /session/2fc0104c4f5778585cb7c05b12d59c9e/element/d10b9b51-7127-4af6-b831-9b807ec21f4c/text HTTP/1.1" 200 14
2022-04-25 15:46:37 [selenium.webdriver.remote.remote_connection] DEBUG: Finished Request
2022-04-25 15:46:37 [selenium.webdriver.remote.remote_connection] DEBUG: POST http://localhost:51875/session/2fc0104c4f5778585cb7c05b12d59c9e/element/90dd8081-bca9-43fd-b979-e9fb977d300d/elements {"using": "css selector", "value": ".num_score", "id": "90dd8081-bca9-43fd-b979-e9fb977d300d"}
2022-04-25 15:46:37 [urllib3.connectionpool] DEBUG: http://localhost:51875 "POST /session/2fc0104c4f5778585cb7c05b12d59c9e/element/90dd8081-bca9-43fd-b979-e9fb977d300d/elements HTTP/1.1" 200 248
2022-04-25 15:46:37 [selenium.webdriver.remote.remote_connection] DEBUG: Finished Request
2022-04-25 15:46:37 [selenium.webdriver.remote.remote_connection] DEBUG: GET http://localhost:51875/session/2fc0104c4f5778585cb7c05b12d59c9e/element/a3e52e10-7d64-442a-8428-b400b9b7a92e/text {"id": "a3e52e10-7d64-442a-8428-b400b9b7a92e"}
2022-04-25 15:46:37 [urllib3.connectionpool] DEBUG: http://localhost:51875 "GET /session/2fc0104c4f5778585cb7c05b12d59c9e/element/a3e52e10-7d64-442a-8428-b400b9b7a92e/text HTTP/1.1" 200 13
2022-04-25 15:46:37 [selenium.webdriver.remote.remote_connection] DEBUG: Finished Request
2022-04-25 15:46:37 [selenium.webdriver.remote.remote_connection] DEBUG: POST http://localhost:51875/session/2fc0104c4f5778585cb7c05b12d59c9e/element/4300d870-c442-43f4-8044-ca15d2d37619/element {"using": "css selector", "value": "h3", "id": "4300d870-c442-43f4-8044-ca15d2d37619"}
2022-04-25 15:46:37 [urllib3.connectionpool] DEBUG: http://localhost:51875 "POST /session/2fc0104c4f5778585cb7c05b12d59c9e/element/4300d870-c442-43f4-8044-ca15d2d37619/element HTTP/1.1" 200 88
2022-04-25 15:46:37 [selenium.webdriver.remote.remote_connection] DEBUG: Finished Request
2022-04-25 15:46:37 [selenium.webdriver.remote.remote_connection] DEBUG: GET http://localhost:51875/session/2fc0104c4f5778585cb7c05b12d59c9e/element/e341f4c4-8935-474b-8460-0e90ff4dc5b6/text {"id": "e341f4c4-8935-474b-8460-0e90ff4dc5b6"}
2022-04-25 15:46:37 [urllib3.connectionpool] DEBUG: http://localhost:51875 "GET /session/2fc0104c4f5778585cb7c05b12d59c9e/element/e341f4c4-8935-474b-8460-0e90ff4dc5b6/text HTTP/1.1" 200 24
2022-04-25 15:46:37 [selenium.webdriver.remote.remote_connection] DEBUG: Finished Request
2022-04-25 15:46:37 [selenium.webdriver.remote.remote_connection] DEBUG: POST http://localhost:51875/session/2fc0104c4f5778585cb7c05b12d59c9e/element/4300d870-c442-43f4-8044-ca15d2d37619/elements {"using": "css selector", "value": ".num_score", "id": "4300d870-c442-43f4-8044-ca15d2d37619"}
2022-04-25 15:46:37 [urllib3.connectionpool] DEBUG: http://localhost:51875 "POST /session/2fc0104c4f5778585cb7c05b12d59c9e/element/4300d870-c442-43f4-8044-ca15d2d37619/elements HTTP/1.1" 200 327
2022-04-25 15:46:37 [selenium.webdriver.remote.remote_connection] DEBUG: Finished Request
2022-04-25 15:46:37 [selenium.webdriver.remote.remote_connection] DEBUG: GET http://localhost:51875/session/2fc0104c4f5778585cb7c05b12d59c9e/element/6a9dcadd-7724-469f-a7af-8ca12746efec/text {"id": "6a9dcadd-7724-469f-a7af-8ca12746efec"}
2022-04-25 15:46:37 [urllib3.connectionpool] DEBUG: http://localhost:51875 "GET /session/2fc0104c4f5778585cb7c05b12d59c9e/element/6a9dcadd-7724-469f-a7af-8ca12746efec/text HTTP/1.1" 200 14
2022-04-25 15:46:37 [selenium.webdriver.remote.remote_connection] DEBUG: Finished Request
2022-04-25 15:46:37 [selenium.webdriver.remote.remote_connection] DEBUG: POST http://localhost:51875/session/2fc0104c4f5778585cb7c05b12d59c9e/element/4300d870-c442-43f4-8044-ca15d2d37619/elements {"using": "css selector", "value": ".num_score", "id": "4300d870-c442-43f4-8044-ca15d2d37619"}
2022-04-25 15:46:37 [urllib3.connectionpool] DEBUG: http://localhost:51875 "POST /session/2fc0104c4f5778585cb7c05b12d59c9e/element/4300d870-c442-43f4-8044-ca15d2d37619/elements HTTP/1.1" 200 327
2022-04-25 15:46:37 [selenium.webdriver.remote.remote_connection] DEBUG: Finished Request
2022-04-25 15:46:37 [selenium.webdriver.remote.remote_connection] DEBUG: GET http://localhost:51875/session/2fc0104c4f5778585cb7c05b12d59c9e/element/6b6b52d5-a4d9-4711-a458-d1723447248d/text {"id": "6b6b52d5-a4d9-4711-a458-d1723447248d"}
2022-04-25 15:46:37 [urllib3.connectionpool] DEBUG: http://localhost:51875 "GET /session/2fc0104c4f5778585cb7c05b12d59c9e/element/6b6b52d5-a4d9-4711-a458-d1723447248d/text HTTP/1.1" 200 16
2022-04-25 15:46:37 [selenium.webdriver.remote.remote_connection] DEBUG: Finished Request
2022-04-25 15:46:37 [selenium.webdriver.remote.remote_connection] DEBUG: POST http://localhost:51875/session/2fc0104c4f5778585cb7c05b12d59c9e/element/022bb754-8176-4b27-a2a5-cbee7fb97ec2/element {"using": "css selector", "value": "h3", "id": "022bb754-8176-4b27-a2a5-cbee7fb97ec2"}
2022-04-25 15:46:37 [urllib3.connectionpool] DEBUG: http://localhost:51875 "POST /session/2fc0104c4f5778585cb7c05b12d59c9e/element/022bb754-8176-4b27-a2a5-cbee7fb97ec2/element HTTP/1.1" 200 88
2022-04-25 15:46:37 [selenium.webdriver.remote.remote_connection] DEBUG: Finished Request
2022-04-25 15:46:37 [selenium.webdriver.remote.remote_connection] DEBUG: GET http://localhost:51875/session/2fc0104c4f5778585cb7c05b12d59c9e/element/618b1290-e60a-4b1d-b709-d0b45d55080d/text {"id": "618b1290-e60a-4b1d-b709-d0b45d55080d"}
2022-04-25 15:46:37 [urllib3.connectionpool] DEBUG: http://localhost:51875 "GET /session/2fc0104c4f5778585cb7c05b12d59c9e/element/618b1290-e60a-4b1d-b709-d0b45d55080d/text HTTP/1.1" 200 24
2022-04-25 15:46:37 [selenium.webdriver.remote.remote_connection] DEBUG: Finished Request
2022-04-25 15:46:37 [selenium.webdriver.remote.remote_connection] DEBUG: POST http://localhost:51875/session/2fc0104c4f5778585cb7c05b12d59c9e/element/022bb754-8176-4b27-a2a5-cbee7fb97ec2/elements {"using": "css selector", "value": ".num_score", "id": "022bb754-8176-4b27-a2a5-cbee7fb97ec2"}
2022-04-25 15:46:37 [urllib3.connectionpool] DEBUG: http://localhost:51875 "POST /session/2fc0104c4f5778585cb7c05b12d59c9e/element/022bb754-8176-4b27-a2a5-cbee7fb97ec2/elements HTTP/1.1" 200 169
2022-04-25 15:46:37 [selenium.webdriver.remote.remote_connection] DEBUG: Finished Request
2022-04-25 15:46:37 [selenium.webdriver.remote.remote_connection] DEBUG: GET http://localhost:51875/session/2fc0104c4f5778585cb7c05b12d59c9e/element/4976646d-e153-4e3a-9dac-2216f270f3e9/text {"id": "4976646d-e153-4e3a-9dac-2216f270f3e9"}
2022-04-25 15:46:37 [urllib3.connectionpool] DEBUG: http://localhost:51875 "GET /session/2fc0104c4f5778585cb7c05b12d59c9e/element/4976646d-e153-4e3a-9dac-2216f270f3e9/text HTTP/1.1" 200 14
2022-04-25 15:46:37 [selenium.webdriver.remote.remote_connection] DEBUG: Finished Request
2022-04-25 15:46:39 [scrapy.core.scraper] DEBUG: Scraped from <200 https://xian.esf.fang.com/housing/?rfss=1-ae403910be47862939-13>
{'CAhospital': '0',
 'address': '丰镐东路189号',
 'busStop': '4',
 'greeningRate': '26',
 'hospital': '14',
 'kindergarten': '111',
 'middleSchool': '19',
 'name': '11军家属院',
 'park': '17',
 'plotRatio': '1.8',
 'price': '14125',
 'primarySchool': '30',
 'shoppingMall': '40',
 'subwayStations': '50',
 'supermarket': '1330'}
2022-04-25 15:46:39 [selenium.webdriver.remote.remote_connection] DEBUG: POST http://localhost:51875/session/2fc0104c4f5778585cb7c05b12d59c9e/url {"url": "https://xian.esf.fang.com/loupan/office/3610191090.htm"}
2022-04-25 15:46:43 [scrapy.crawler] INFO: Received SIGINT, shutting down gracefully. Send again to force 
2022-04-25 15:46:43 [scrapy.core.scraper] ERROR: Spider error processing <GET https://xian.esf.fang.com/housing> (referer: None)
Traceback (most recent call last):
  File "C:\Users\16432\AppData\Local\Programs\Python\Python_vir\Spider\lib\site-packages\urllib3\connectionpool.py", line 703, in urlopen
    httplib_response = self._make_request(
  File "C:\Users\16432\AppData\Local\Programs\Python\Python_vir\Spider\lib\site-packages\urllib3\connectionpool.py", line 449, in _make_request
    six.raise_from(e, None)
  File "<string>", line 3, in raise_from
  File "C:\Users\16432\AppData\Local\Programs\Python\Python_vir\Spider\lib\site-packages\urllib3\connectionpool.py", line 444, in _make_request
    httplib_response = conn.getresponse()
  File "C:\Users\16432\AppData\Local\Programs\Python\Python38\lib\http\client.py", line 1347, in getresponse
    response.begin()
  File "C:\Users\16432\AppData\Local\Programs\Python\Python38\lib\http\client.py", line 307, in begin
    version, status, reason = self._read_status()
  File "C:\Users\16432\AppData\Local\Programs\Python\Python38\lib\http\client.py", line 268, in _read_status
    line = str(self.fp.readline(_MAXLINE + 1), "iso-8859-1")
  File "C:\Users\16432\AppData\Local\Programs\Python\Python38\lib\socket.py", line 669, in readinto
    return self._sock.recv_into(b)
ConnectionResetError: [WinError 10054] 远程主机强迫关闭了一个现有的连接。

During handling of the above exception, another exception occurred:

Traceback (most recent call last):
  File "C:\Users\16432\AppData\Local\Programs\Python\Python_vir\Spider\lib\site-packages\scrapy\utils\defer.py", line 120, in iter_errback
    yield next(it)
  File "C:\Users\16432\AppData\Local\Programs\Python\Python_vir\Spider\lib\site-packages\scrapy\utils\python.py", line 353, in __next__
    return next(self.data)
  File "C:\Users\16432\AppData\Local\Programs\Python\Python_vir\Spider\lib\site-packages\scrapy\utils\python.py", line 353, in __next__
    return next(self.data)
  File "C:\Users\16432\AppData\Local\Programs\Python\Python_vir\Spider\lib\site-packages\scrapy\core\spidermw.py", line 56, in _evaluate_iterable
    for r in iterable:
  File "C:\Users\16432\AppData\Local\Programs\Python\Python_vir\Spider\lib\site-packages\scrapy\spidermiddlewares\offsite.py", line 29, in process_spider_output
    for x in result:
  File "C:\Users\16432\AppData\Local\Programs\Python\Python_vir\Spider\lib\site-packages\scrapy\core\spidermw.py", line 56, in _evaluate_iterable
    for r in iterable:
  File "C:\Users\16432\AppData\Local\Programs\Python\Python_vir\Spider\lib\site-packages\scrapy\spidermiddlewares\referer.py", line 342, in <genexpr>
    return (_set_referer(r) for r in result or ())
  File "C:\Users\16432\AppData\Local\Programs\Python\Python_vir\Spider\lib\site-packages\scrapy\core\spidermw.py", line 56, in _evaluate_iterable
    for r in iterable:
  File "C:\Users\16432\AppData\Local\Programs\Python\Python_vir\Spider\lib\site-packages\scrapy\spidermiddlewares\urllength.py", line 40, in <genexpr>
    return (r for r in result or () if _filter(r))
  File "C:\Users\16432\AppData\Local\Programs\Python\Python_vir\Spider\lib\site-packages\scrapy\core\spidermw.py", line 56, in _evaluate_iterable
    for r in iterable:
  File "C:\Users\16432\AppData\Local\Programs\Python\Python_vir\Spider\lib\site-packages\scrapy\spidermiddlewares\depth.py", line 58, in <genexpr>
    return (r for r in result or () if _filter(r))
  File "C:\Users\16432\AppData\Local\Programs\Python\Python_vir\Spider\lib\site-packages\scrapy\core\spidermw.py", line 56, in _evaluate_iterable
    for r in iterable:
  File "E:\Project\Graduation-Design\factorSpider\factorSpider\spiders\DetailSpider.py", line 28, in parse
    browser.get(href)
  File "C:\Users\16432\AppData\Local\Programs\Python\Python_vir\Spider\lib\site-packages\selenium\webdriver\remote\webdriver.py", line 437, in get
    self.execute(Command.GET, {'url': url})
  File "C:\Users\16432\AppData\Local\Programs\Python\Python_vir\Spider\lib\site-packages\selenium\webdriver\remote\webdriver.py", line 423, in execute
    response = self.command_executor.execute(driver_command, params)
  File "C:\Users\16432\AppData\Local\Programs\Python\Python_vir\Spider\lib\site-packages\selenium\webdriver\remote\remote_connection.py", line 333, in execute
    return self._request(command_info[0], url, body=data)
  File "C:\Users\16432\AppData\Local\Programs\Python\Python_vir\Spider\lib\site-packages\selenium\webdriver\remote\remote_connection.py", line 355, in _request
    resp = self._conn.request(method, url, body=body, headers=headers)
  File "C:\Users\16432\AppData\Local\Programs\Python\Python_vir\Spider\lib\site-packages\urllib3\request.py", line 78, in request
    return self.request_encode_body(
  File "C:\Users\16432\AppData\Local\Programs\Python\Python_vir\Spider\lib\site-packages\urllib3\request.py", line 170, in request_encode_body
    return self.urlopen(method, url, **extra_kw)
  File "C:\Users\16432\AppData\Local\Programs\Python\Python_vir\Spider\lib\site-packages\urllib3\poolmanager.py", line 376, in urlopen
    response = conn.urlopen(method, u.request_uri, **kw)
  File "C:\Users\16432\AppData\Local\Programs\Python\Python_vir\Spider\lib\site-packages\urllib3\connectionpool.py", line 785, in urlopen
    retries = retries.increment(
  File "C:\Users\16432\AppData\Local\Programs\Python\Python_vir\Spider\lib\site-packages\urllib3\util\retry.py", line 550, in increment
    raise six.reraise(type(error), error, _stacktrace)
  File "C:\Users\16432\AppData\Local\Programs\Python\Python_vir\Spider\lib\site-packages\urllib3\packages\six.py", line 769, in reraise
    raise value.with_traceback(tb)
  File "C:\Users\16432\AppData\Local\Programs\Python\Python_vir\Spider\lib\site-packages\urllib3\connectionpool.py", line 703, in urlopen
    httplib_response = self._make_request(
  File "C:\Users\16432\AppData\Local\Programs\Python\Python_vir\Spider\lib\site-packages\urllib3\connectionpool.py", line 449, in _make_request
    six.raise_from(e, None)
  File "<string>", line 3, in raise_from
  File "C:\Users\16432\AppData\Local\Programs\Python\Python_vir\Spider\lib\site-packages\urllib3\connectionpool.py", line 444, in _make_request
    httplib_response = conn.getresponse()
  File "C:\Users\16432\AppData\Local\Programs\Python\Python38\lib\http\client.py", line 1347, in getresponse
    response.begin()
  File "C:\Users\16432\AppData\Local\Programs\Python\Python38\lib\http\client.py", line 307, in begin
    version, status, reason = self._read_status()
  File "C:\Users\16432\AppData\Local\Programs\Python\Python38\lib\http\client.py", line 268, in _read_status
    line = str(self.fp.readline(_MAXLINE + 1), "iso-8859-1")
  File "C:\Users\16432\AppData\Local\Programs\Python\Python38\lib\socket.py", line 669, in readinto
    return self._sock.recv_into(b)
urllib3.exceptions.ProtocolError: ('Connection aborted.', ConnectionResetError(10054, '远程主机强迫关闭了一个现有的连接。', None, 10054, None))
2022-04-25 15:46:43 [scrapy.core.engine] INFO: Closing spider (shutdown)
2022-04-25 15:46:43 [scrapy.statscollectors] INFO: Dumping Scrapy stats:
{'downloader/response_bytes': 201538,
 'downloader/response_count': 1,
 'downloader/response_status_count/200': 1,
 'elapsed_time_seconds': 22.344141,
 'finish_reason': 'shutdown',
 'finish_time': datetime.datetime(2022, 4, 25, 7, 46, 43, 50859),
 'item_scraped_count': 1,
 'log_count/DEBUG': 253,
 'log_count/ERROR': 1,
 'log_count/INFO': 11,
 'response_received_count': 1,
 'scheduler/dequeued': 1,
 'scheduler/dequeued/memory': 1,
 'scheduler/enqueued': 1,
 'scheduler/enqueued/memory': 1,
 'spider_exceptions/ProtocolError': 1,
 'start_time': datetime.datetime(2022, 4, 25, 7, 46, 20, 706718)}
2022-04-25 15:46:43 [scrapy.core.engine] INFO: Spider closed (shutdown)
